<?xml version="1.0" encoding="UTF-8"?>
<testng-results ignored="1" total="2" passed="1" failed="0" skipped="0">
  <reporter-output>
  </reporter-output>
  <suite started-at="2022-06-15T21:20:52 IST" name="Suite" finished-at="2022-06-15T21:21:08 IST" duration-ms="15681">
    <groups>
      <group name="smoke">
        <method signature="ValidateLeadFunctionality.validateCreateAccount()[pri:0, instance:com.evs.vtiger.testcase.ValidateLeadFunctionality@fba92d3]" name="validateCreateAccount" class="com.evs.vtiger.testcase.ValidateLeadFunctionality"/>
      </group> <!-- smoke -->
    </groups>
    <test started-at="2022-06-15T21:20:52 IST" name="Test" finished-at="2022-06-15T21:21:08 IST" duration-ms="15681">
      <class name="com.evs.vtiger.testcase.ValidateLeadFunctionality">
        <test-method is-config="true" signature="connectDB()[pri:0, instance:com.evs.vtiger.testcase.ValidateLeadFunctionality@fba92d3]" started-at="2022-06-15T21:20:52 IST" name="connectDB" finished-at="2022-06-15T21:20:52 IST" duration-ms="11" status="PASS">
          <reporter-output>
          </reporter-output>
        </test-method> <!-- connectDB -->
        <test-method is-config="true" signature="lounchBrowserBeforeClass(java.lang.String)[pri:0, instance:com.evs.vtiger.testcase.ValidateLeadFunctionality@fba92d3]" started-at="2022-06-15T21:20:52 IST" name="lounchBrowserBeforeClass" finished-at="2022-06-15T21:20:56 IST" duration-ms="4493" status="PASS">
          <params>
            <param index="0">
              <value>
                <![CDATA[Chrome]]>
              </value>
            </param>
          </params>
          <reporter-output>
          </reporter-output>
        </test-method> <!-- lounchBrowserBeforeClass -->
        <test-method is-config="true" signature="beforeTestcaseMethod()[pri:0, instance:com.evs.vtiger.testcase.ValidateLeadFunctionality@fba92d3]" started-at="2022-06-15T21:20:57 IST" name="beforeTestcaseMethod" finished-at="2022-06-15T21:21:03 IST" duration-ms="6957" status="PASS">
          <reporter-output>
          </reporter-output>
        </test-method> <!-- beforeTestcaseMethod -->
        <test-method signature="validateCreateAccount()[pri:0, instance:com.evs.vtiger.testcase.ValidateLeadFunctionality@fba92d3]" started-at="2022-06-15T21:21:03 IST" name="validateCreateAccount" finished-at="2022-06-15T21:21:07 IST" duration-ms="3528" status="PASS">
          <reporter-output>
          </reporter-output>
        </test-method> <!-- validateCreateAccount -->
        <test-method is-config="true" signature="disconnectDB()[pri:0, instance:com.evs.vtiger.testcase.ValidateLeadFunctionality@fba92d3]" started-at="2022-06-15T21:21:07 IST" name="disconnectDB" finished-at="2022-06-15T21:21:08 IST" duration-ms="608" status="PASS">
          <reporter-output>
          </reporter-output>
        </test-method> <!-- disconnectDB -->
      </class> <!-- com.evs.vtiger.testcase.ValidateLeadFunctionality -->
    </test> <!-- Test -->
  </suite> <!-- Suite -->
</testng-results>
