<?xml version="1.0" encoding="UTF-8"?>
<!-- Generated by org.testng.reporters.JUnitXMLReporter -->
<testsuite ignored="1" hostname="DESKTOP-U84DCBG" failures="0" tests="1" name="Test" time="15.681" errors="0" timestamp="2022-06-15T21:21:08 IST">
  <testcase classname="com.evs.vtiger.testcase.ValidateLeadFunctionality" name="validateCreateAccount" time="3.528"/>
  <testcase classname="com.evs.vtiger.testcase.ValidateLeadFunctionality" name="validateCreateCampaign" time="0.0">
    <ignored/>
  </testcase> <!-- validateCreateCampaign -->
</testsuite> <!-- Test -->
